This file contains any messages produced by compilers while
running configure, to aid debugging if configure makes a mistake.

It was created by TEST configure 1.0, which was
generated by GNU Autoconf 2.69.  Invocation command line was

  $ ./configure --prefix=/home/karan/.local

## --------- ##
## Platform. ##
## --------- ##

hostname = karan-Lenovo-IdeaPad-Y500
uname -m = x86_64
uname -r = 3.19.0-31-generic
uname -s = Linux
uname -v = #36-Ubuntu SMP Wed Oct 7 15:04:02 UTC 2015

/usr/bin/uname -p = unknown
/bin/uname -X     = unknown

/bin/arch              = unknown
/usr/bin/arch -k       = unknown
/usr/convex/getsysinfo = unknown
/usr/bin/hostinfo      = unknown
/bin/machine           = unknown
/usr/bin/oslevel       = unknown
/bin/universe          = unknown

PATH: /home/karan/bin
PATH: /usr/local/sbin
PATH: /usr/local/bin
PATH: /usr/sbin
PATH: /usr/bin
PATH: /sbin
PATH: /bin
PATH: /usr/games
PATH: /usr/local/games


## ----------- ##
## Core tests. ##
## ----------- ##

configure:1749: checking for a BSD-compatible install
configure:1817: result: /usr/bin/install -c
configure:1828: checking whether build environment is sane
configure:1883: result: yes
configure:2034: checking for a thread-safe mkdir -p
configure:2073: result: /bin/mkdir -p
configure:2080: checking for gawk
configure:2110: result: no
configure:2080: checking for mawk
configure:2096: found /usr/bin/mawk
configure:2107: result: mawk
configure:2118: checking whether make sets $(MAKE)
configure:2140: result: yes
configure:2169: checking whether make supports nested variables
configure:2186: result: yes
configure:2450: checking that generated files are newer than configure
configure:2456: result: done
configure:2464: creating ./config.status

## ---------------------- ##
## Running config.status. ##
## ---------------------- ##

This file was extended by TEST config.status 1.0, which was
generated by GNU Autoconf 2.69.  Invocation command line was

  CONFIG_FILES    = 
  CONFIG_HEADERS  = 
  CONFIG_LINKS    = 
  CONFIG_COMMANDS = 
  $ ./config.status 

on karan-Lenovo-IdeaPad-Y500

config.status:743: creating Makefile
config.status:743: creating test.desktop

## ---------------- ##
## Cache variables. ##
## ---------------- ##

ac_cv_env_build_alias_set=
ac_cv_env_build_alias_value=
ac_cv_env_host_alias_set=
ac_cv_env_host_alias_value=
ac_cv_env_target_alias_set=
ac_cv_env_target_alias_value=
ac_cv_path_install='/usr/bin/install -c'
ac_cv_path_mkdir=/bin/mkdir
ac_cv_prog_AWK=mawk
ac_cv_prog_make_make_set=yes
am_cv_make_support_nested_variables=yes

## ----------------- ##
## Output variables. ##
## ----------------- ##

ACLOCAL='${SHELL} /home/karan/learning_gjs/missing aclocal-1.14'
AMTAR='$${TAR-tar}'
AM_BACKSLASH='\'
AM_DEFAULT_V='$(AM_DEFAULT_VERBOSITY)'
AM_DEFAULT_VERBOSITY='1'
AM_V='$(V)'
AUTOCONF='${SHELL} /home/karan/learning_gjs/missing autoconf'
AUTOHEADER='${SHELL} /home/karan/learning_gjs/missing autoheader'
AUTOMAKE='${SHELL} /home/karan/learning_gjs/missing automake-1.14'
AWK='mawk'
CYGPATH_W='echo'
DEFS='-DPACKAGE_NAME=\"TEST\" -DPACKAGE_TARNAME=\"test\" -DPACKAGE_VERSION=\"1.0\" -DPACKAGE_STRING=\"TEST\ 1.0\" -DPACKAGE_BUGREPORT=\"\" -DPACKAGE_URL=\"\"'
ECHO_C=''
ECHO_N='-n'
ECHO_T=''
INSTALL_DATA='${INSTALL} -m 644'
INSTALL_PROGRAM='${INSTALL}'
INSTALL_SCRIPT='${INSTALL}'
INSTALL_STRIP_PROGRAM='$(install_sh) -c -s'
LIBOBJS=''
LIBS=''
LTLIBOBJS=''
MAKEINFO='${SHELL} /home/karan/learning_gjs/missing makeinfo'
MKDIR_P='/bin/mkdir -p'
PACKAGE='test'
PACKAGE_BUGREPORT=''
PACKAGE_NAME='TEST'
PACKAGE_STRING='TEST 1.0'
PACKAGE_TARNAME='test'
PACKAGE_URL=''
PACKAGE_VERSION='1.0'
PATH_SEPARATOR=':'
SET_MAKE=''
SHELL='/bin/bash'
STRIP=''
VERSION='1.0'
am__isrc=''
am__leading_dot='.'
am__tar='$${TAR-tar} chof - "$$tardir"'
am__untar='$${TAR-tar} xf -'
bindir='${exec_prefix}/bin'
build_alias=''
datadir='${datarootdir}'
datarootdir='${prefix}/share'
docdir='${datarootdir}/doc/${PACKAGE_TARNAME}'
dvidir='${docdir}'
exec_prefix='${prefix}'
host_alias=''
htmldir='${docdir}'
includedir='${prefix}/include'
infodir='${datarootdir}/info'
install_sh='${SHELL} /home/karan/learning_gjs/install-sh'
libdir='${exec_prefix}/lib'
libexecdir='${exec_prefix}/libexec'
localedir='${datarootdir}/locale'
localstatedir='${prefix}/var'
mandir='${datarootdir}/man'
mkdir_p='$(MKDIR_P)'
oldincludedir='/usr/include'
pdfdir='${docdir}'
prefix='/home/karan/.local'
program_transform_name='s,x,x,'
psdir='${docdir}'
sbindir='${exec_prefix}/sbin'
sharedstatedir='${prefix}/com'
sysconfdir='${prefix}/etc'
target_alias=''

## ----------- ##
## confdefs.h. ##
## ----------- ##

/* confdefs.h */
#define PACKAGE_NAME "TEST"
#define PACKAGE_TARNAME "test"
#define PACKAGE_VERSION "1.0"
#define PACKAGE_STRING "TEST 1.0"
#define PACKAGE_BUGREPORT ""
#define PACKAGE_URL ""

configure: exit 0
